[2023-06-25 14:43:32] https://arj.af
[2023-06-25 14:43:32] [Notice] Task process started.
[2023-06-25 14:43:32] [Error] The directory /home4/arjafof4/public_html/uploads/usageStats/processing is not empty. This could indicate a previously failed process, or a concurrently running process. This file will be automatically reprocessed if you are also using scheduledTasksAutoStage.xml, otherwise you will need to manually move any orphaned files in the processing directory back into the stage directory.
[2023-06-25 14:43:32] [Notice] File /home4/arjafof4/public_html/uploads/usageStats/processing/usage_events_20221026.log was processed and archived.
[2023-06-25 14:43:32] [Notice] File /home4/arjafof4/public_html/uploads/usageStats/processing/usage_events_20230510.log was processed and archived.
[2023-06-25 14:43:33] [Notice] File /home4/arjafof4/public_html/uploads/usageStats/processing/usage_events_20230515.log was processed and archived.
[2023-06-25 14:43:33] [Notice] File /home4/arjafof4/public_html/uploads/usageStats/processing/usage_events_20220704.log was processed and archived.
[2023-06-25 14:43:33] [Notice] File /home4/arjafof4/public_html/uploads/usageStats/processing/usage_events_20230102.log was processed and archived.
[2023-06-25 14:43:33] [Notice] File /home4/arjafof4/public_html/uploads/usageStats/processing/usage_events_20230115.log was processed and archived.
[2023-06-25 14:43:33] [Notice] File /home4/arjafof4/public_html/uploads/usageStats/processing/usage_events_20230404.log was processed and archived.
[2023-06-25 14:43:34] [Notice] File /home4/arjafof4/public_html/uploads/usageStats/processing/usage_events_20220806.log was processed and archived.
[2023-06-25 14:43:35] [Notice] File /home4/arjafof4/public_html/uploads/usageStats/processing/usage_events_20230130.log was processed and archived.
[2023-06-25 14:43:35] [Notice] File /home4/arjafof4/public_html/uploads/usageStats/processing/usage_events_20221112.log was processed and archived.
[2023-06-25 14:43:35] [Notice] File /home4/arjafof4/public_html/uploads/usageStats/processing/usage_events_20230123.log was processed and archived.
[2023-06-25 14:43:35] [Notice] File /home4/arjafof4/public_html/uploads/usageStats/processing/usage_events_20220903.log was processed and archived.
[2023-06-25 14:43:35] [Notice] File /home4/arjafof4/public_html/uploads/usageStats/processing/usage_events_20230514.log was processed and archived.
[2023-06-25 14:43:35] [Notice] File /home4/arjafof4/public_html/uploads/usageStats/processing/usage_events_20230310.log was processed and archived.
[2023-06-25 14:43:36] [Notice] File /home4/arjafof4/public_html/uploads/usageStats/processing/usage_events_20221229.log was processed and archived.
[2023-06-25 14:43:36] [Notice] File /home4/arjafof4/public_html/uploads/usageStats/processing/usage_events_20230531.log was processed and archived.
[2023-06-25 14:43:36] [Notice] File /home4/arjafof4/public_html/uploads/usageStats/processing/usage_events_20221111.log was processed and archived.
[2023-06-25 14:43:37] [Notice] File /home4/arjafof4/public_html/uploads/usageStats/processing/usage_events_20221220.log was processed and archived.
[2023-06-25 14:43:37] [Notice] File /home4/arjafof4/public_html/uploads/usageStats/processing/usage_events_20230423.log was processed and archived.
[2023-06-25 14:43:37] [Notice] File /home4/arjafof4/public_html/uploads/usageStats/processing/usage_events_20221011.log was processed and archived.
[2023-06-25 14:43:37] [Notice] File /home4/arjafof4/public_html/uploads/usageStats/processing/usage_events_20220703.log was processed and archived.
[2023-06-25 14:43:37] [Notice] File /home4/arjafof4/public_html/uploads/usageStats/processing/usage_events_20230114.log was processed and archived.
[2023-06-25 14:43:37] [Notice] File /home4/arjafof4/public_html/uploads/usageStats/processing/usage_events_20220708.log was processed and archived.
[2023-06-25 14:43:37] [Notice] File /home4/arjafof4/public_html/uploads/usageStats/processing/usage_events_20221102.log was processed and archived.
[2023-06-25 14:43:38] [Notice] File /home4/arjafof4/public_html/uploads/usageStats/processing/usage_events_20221009.log was processed and archived.
[2023-06-25 14:43:38] [Notice] File /home4/arjafof4/public_html/uploads/usageStats/processing/usage_events_20221104.log was processed and archived.
[2023-06-25 14:43:38] [Notice] File /home4/arjafof4/public_html/uploads/usageStats/processing/usage_events_20221002.log was processed and archived.
[2023-06-25 14:43:38] [Notice] File /home4/arjafof4/public_html/uploads/usageStats/processing/usage_events_20230609.log was processed and archived.
[2023-06-25 14:43:39] [Notice] File /home4/arjafof4/public_html/uploads/usageStats/processing/usage_events_20221209.log was processed and archived.
[2023-06-25 14:43:39] [Notice] File /home4/arjafof4/public_html/uploads/usageStats/processing/usage_events_20230106.log was processed and archived.
[2023-06-25 14:43:39] [Notice] File /home4/arjafof4/public_html/uploads/usageStats/processing/usage_events_20220714.log was processed and archived.
[2023-06-25 14:43:39] [Notice] File /home4/arjafof4/public_html/uploads/usageStats/processing/usage_events_20230112.log was processed and archived.
[2023-06-25 14:43:39] [Notice] File /home4/arjafof4/public_html/uploads/usageStats/processing/usage_events_20230210.log was processed and archived.
[2023-06-25 14:43:39] [Notice] File /home4/arjafof4/public_html/uploads/usageStats/processing/usage_events_20230408.log was processed and archived.
[2023-06-25 14:43:40] [Notice] File /home4/arjafof4/public_html/uploads/usageStats/processing/usage_events_20220922.log was processed and archived.
[2023-06-25 14:43:40] [Notice] File /home4/arjafof4/public_html/uploads/usageStats/processing/usage_events_20221010.log was processed and archived.
[2023-06-25 14:43:40] [Notice] File /home4/arjafof4/public_html/uploads/usageStats/processing/usage_events_20221213.log was processed and archived.
[2023-06-25 14:43:40] [Notice] File /home4/arjafof4/public_html/uploads/usageStats/processing/usage_events_20230410.log was processed and archived.
[2023-06-25 14:43:41] [Notice] File /home4/arjafof4/public_html/uploads/usageStats/processing/usage_events_20220828.log was processed and archived.
[2023-06-25 14:43:41] [Notice] File /home4/arjafof4/public_html/uploads/usageStats/processing/usage_events_20230407.log was processed and archived.
[2023-06-25 14:43:41] [Notice] File /home4/arjafof4/public_html/uploads/usageStats/processing/usage_events_20221024.log was processed and archived.
[2023-06-25 14:43:41] [Notice] File /home4/arjafof4/public_html/uploads/usageStats/processing/usage_events_20221206.log was processed and archived.
[2023-06-25 14:43:42] [Notice] File /home4/arjafof4/public_html/uploads/usageStats/processing/usage_events_20220713.log was processed and archived.
[2023-06-25 14:43:42] [Notice] File /home4/arjafof4/public_html/uploads/usageStats/processing/usage_events_20221224.log was processed and archived.
[2023-06-25 14:43:42] [Notice] File /home4/arjafof4/public_html/uploads/usageStats/processing/usage_events_20221128.log was processed and archived.
[2023-06-25 14:43:43] [Notice] File /home4/arjafof4/public_html/uploads/usageStats/processing/usage_events_20220803.log was processed and archived.
[2023-06-25 14:43:43] [Notice] File /home4/arjafof4/public_html/uploads/usageStats/processing/usage_events_20230305.log was processed and archived.
[2023-06-25 14:43:43] [Notice] File /home4/arjafof4/public_html/uploads/usageStats/processing/usage_events_20220929.log was processed and archived.
[2023-06-25 14:43:43] [Notice] File /home4/arjafof4/public_html/uploads/usageStats/processing/usage_events_20221126.log was processed and archived.
[2023-06-25 14:43:44] [Notice] File /home4/arjafof4/public_html/uploads/usageStats/processing/usage_events_20221003.log was processed and archived.
[2023-06-25 14:43:44] [Notice] File /home4/arjafof4/public_html/uploads/usageStats/processing/usage_events_20230113.log was processed and archived.
[2023-06-25 14:43:44] [Notice] File /home4/arjafof4/public_html/uploads/usageStats/processing/usage_events_20230318.log was processed and archived.
[2023-06-25 14:43:44] [Notice] File /home4/arjafof4/public_html/uploads/usageStats/processing/usage_events_20220722.log was processed and archived.
[2023-06-25 14:43:44] [Notice] File /home4/arjafof4/public_html/uploads/usageStats/processing/usage_events_20221004.log was processed and archived.
[2023-06-25 14:43:44] [Notice] File /home4/arjafof4/public_html/uploads/usageStats/processing/usage_events_20230225.log was processed and archived.
[2023-06-25 14:43:44] [Notice] File /home4/arjafof4/public_html/uploads/usageStats/processing/usage_events_20230129.log was processed and archived.
[2023-06-25 14:43:45] [Notice] File /home4/arjafof4/public_html/uploads/usageStats/processing/usage_events_20220901.log was processed and archived.
[2023-06-25 14:43:45] [Notice] File /home4/arjafof4/public_html/uploads/usageStats/processing/usage_events_20221021.log was processed and archived.
[2023-06-25 14:43:45] [Notice] File /home4/arjafof4/public_html/uploads/usageStats/processing/usage_events_20221105.log was processed and archived.
[2023-06-25 14:43:45] [Notice] File /home4/arjafof4/public_html/uploads/usageStats/processing/usage_events_20230516.log was processed and archived.
[2023-06-25 14:43:45] [Notice] File /home4/arjafof4/public_html/uploads/usageStats/processing/usage_events_20220709.log was processed and archived.
[2023-06-25 14:43:45] [Notice] File /home4/arjafof4/public_html/uploads/usageStats/processing/usage_events_20220823.log was processed and archived.
[2023-06-25 14:43:46] [Notice] File /home4/arjafof4/public_html/uploads/usageStats/processing/usage_events_20221015.log was processed and archived.
[2023-06-25 14:43:46] [Notice] File /home4/arjafof4/public_html/uploads/usageStats/processing/usage_events_20221005.log was processed and archived.
[2023-06-25 14:43:46] [Notice] File /home4/arjafof4/public_html/uploads/usageStats/processing/usage_events_20230328.log was processed and archived.
[2023-06-25 14:43:46] [Notice] File /home4/arjafof4/public_html/uploads/usageStats/processing/usage_events_20221125.log was processed and archived.
[2023-06-25 14:43:47] [Notice] File /home4/arjafof4/public_html/uploads/usageStats/processing/usage_events_20221122.log was processed and archived.
[2023-06-25 14:43:47] [Notice] File /home4/arjafof4/public_html/uploads/usageStats/processing/usage_events_20220705.log was processed and archived.
[2023-06-25 14:43:47] [Notice] File /home4/arjafof4/public_html/uploads/usageStats/processing/usage_events_20230513.log was processed and archived.
[2023-06-25 14:43:47] [Notice] File /home4/arjafof4/public_html/uploads/usageStats/processing/usage_events_20230214.log was processed and archived.
[2023-06-25 14:43:47] [Notice] File /home4/arjafof4/public_html/uploads/usageStats/processing/usage_events_20220706.log was processed and archived.
[2023-06-25 14:43:47] [Notice] File /home4/arjafof4/public_html/uploads/usageStats/processing/usage_events_20230429.log was processed and archived.
[2023-06-25 14:43:50] [Notice] File /home4/arjafof4/public_html/uploads/usageStats/processing/usage_events_20220805.log was processed and archived.
[2023-06-25 14:43:51] [Notice] File /home4/arjafof4/public_html/uploads/usageStats/processing/usage_events_20220718.log was processed and archived.
[2023-06-25 14:43:51] [Notice] File /home4/arjafof4/public_html/uploads/usageStats/processing/usage_events_20230603.log was processed and archived.
[2023-06-25 14:43:51] [Notice] File /home4/arjafof4/public_html/uploads/usageStats/processing/usage_events_20230417.log was processed and archived.
[2023-06-25 14:43:51] [Notice] File /home4/arjafof4/public_html/uploads/usageStats/processing/usage_events_20230222.log was processed and archived.
[2023-06-25 14:43:51] [Notice] File /home4/arjafof4/public_html/uploads/usageStats/processing/usage_events_20230528.log was processed and archived.
[2023-06-25 14:43:52] [Notice] File /home4/arjafof4/public_html/uploads/usageStats/processing/usage_events_20230309.log was processed and archived.
[2023-06-25 14:43:53] [Notice] File /home4/arjafof4/public_html/uploads/usageStats/processing/usage_events_20220628.log was processed and archived.
[2023-06-25 14:43:54] [Notice] File /home4/arjafof4/public_html/uploads/usageStats/processing/usage_events_20221130.log was processed and archived.
[2023-06-25 14:43:54] [Notice] File /home4/arjafof4/public_html/uploads/usageStats/processing/usage_events_20220730.log was processed and archived.
[2023-06-25 14:43:54] [Notice] File /home4/arjafof4/public_html/uploads/usageStats/processing/usage_events_20220810.log was processed and archived.
[2023-06-25 14:43:54] [Notice] File /home4/arjafof4/public_html/uploads/usageStats/processing/usage_events_20230325.log was processed and archived.
[2023-06-25 14:43:54] [Notice] File /home4/arjafof4/public_html/uploads/usageStats/processing/usage_events_20230422.log was processed and archived.
[2023-06-25 14:43:55] [Notice] File /home4/arjafof4/public_html/uploads/usageStats/processing/usage_events_20221207.log was processed and archived.
[2023-06-25 14:43:55] [Notice] File /home4/arjafof4/public_html/uploads/usageStats/processing/usage_events_20230109.log was processed and archived.
[2023-06-25 14:43:55] [Notice] File /home4/arjafof4/public_html/uploads/usageStats/processing/usage_events_20230413.log was processed and archived.
[2023-06-25 14:43:56] [Notice] File /home4/arjafof4/public_html/uploads/usageStats/processing/usage_events_20220915.log was processed and archived.
[2023-06-25 14:43:56] [Notice] File /home4/arjafof4/public_html/uploads/usageStats/processing/usage_events_20220913.log was processed and archived.
[2023-06-25 14:43:56] [Notice] File /home4/arjafof4/public_html/uploads/usageStats/processing/usage_events_20230107.log was processed and archived.
[2023-06-25 14:43:56] [Notice] File /home4/arjafof4/public_html/uploads/usageStats/processing/usage_events_20230315.log was processed and archived.
[2023-06-25 14:43:56] [Notice] File /home4/arjafof4/public_html/uploads/usageStats/processing/usage_events_20220910.log was processed and archived.
[2023-06-25 14:43:56] [Notice] File /home4/arjafof4/public_html/uploads/usageStats/processing/usage_events_20220712.log was processed and archived.
[2023-06-25 14:43:57] [Notice] File /home4/arjafof4/public_html/uploads/usageStats/processing/usage_events_20230117.log was processed and archived.
[2023-06-25 14:43:57] [Notice] File /home4/arjafof4/public_html/uploads/usageStats/processing/usage_events_20220919.log was processed and archived.
[2023-06-25 14:43:57] [Notice] File /home4/arjafof4/public_html/uploads/usageStats/processing/usage_events_20220711.log was processed and archived.
[2023-06-25 14:43:57] [Notice] File /home4/arjafof4/public_html/uploads/usageStats/processing/usage_events_20230405.log was processed and archived.
[2023-06-25 14:43:58] [Notice] File /home4/arjafof4/public_html/uploads/usageStats/processing/usage_events_20230409.log was processed and archived.
[2023-06-25 14:43:59] [Notice] File /home4/arjafof4/public_html/uploads/usageStats/processing/usage_events_20221109.log was processed and archived.
[2023-06-25 14:43:59] [Notice] File /home4/arjafof4/public_html/uploads/usageStats/processing/usage_events_20230607.log was processed and archived.
[2023-06-25 14:43:59] [Notice] File /home4/arjafof4/public_html/uploads/usageStats/processing/usage_events_20221016.log was processed and archived.
[2023-06-25 14:43:59] [Notice] File /home4/arjafof4/public_html/uploads/usageStats/processing/usage_events_20230411.log was processed and archived.
[2023-06-25 14:44:01] [Notice] File /home4/arjafof4/public_html/uploads/usageStats/processing/usage_events_20220908.log was processed and archived.
[2023-06-25 14:44:01] [Notice] File /home4/arjafof4/public_html/uploads/usageStats/processing/usage_events_20230211.log was processed and archived.
[2023-06-25 14:44:01] [Notice] File /home4/arjafof4/public_html/uploads/usageStats/processing/usage_events_20221123.log was processed and archived.
[2023-06-25 14:44:01] [Notice] File /home4/arjafof4/public_html/uploads/usageStats/processing/usage_events_20221014.log was processed and archived.
[2023-06-25 14:44:02] [Notice] File /home4/arjafof4/public_html/uploads/usageStats/processing/usage_events_20230303.log was processed and archived.
[2023-06-25 14:44:02] [Notice] File /home4/arjafof4/public_html/uploads/usageStats/processing/usage_events_20230509.log was processed and archived.
[2023-06-25 14:44:02] [Notice] File /home4/arjafof4/public_html/uploads/usageStats/processing/usage_events_20221119.log was processed and archived.
[2023-06-25 14:44:02] [Notice] File /home4/arjafof4/public_html/uploads/usageStats/processing/usage_events_20230402.log was processed and archived.
[2023-06-25 14:44:02] [Notice] File /home4/arjafof4/public_html/uploads/usageStats/processing/usage_events_20230511.log was processed and archived.
[2023-06-25 14:44:03] [Notice] File /home4/arjafof4/public_html/uploads/usageStats/processing/usage_events_20220818.log was processed and archived.
[2023-06-25 14:44:03] [Notice] File /home4/arjafof4/public_html/uploads/usageStats/processing/usage_events_20230321.log was processed and archived.
[2023-06-25 14:44:03] [Notice] File /home4/arjafof4/public_html/uploads/usageStats/processing/usage_events_20220723.log was processed and archived.
[2023-06-25 14:44:03] [Notice] File /home4/arjafof4/public_html/uploads/usageStats/processing/usage_events_20230204.log was processed and archived.
[2023-06-25 14:44:03] [Notice] File /home4/arjafof4/public_html/uploads/usageStats/processing/usage_events_20220923.log was processed and archived.
[2023-06-25 14:44:03] [Notice] File /home4/arjafof4/public_html/uploads/usageStats/processing/usage_events_20220630.log was processed and archived.
[2023-06-25 14:44:04] [Notice] File /home4/arjafof4/public_html/uploads/usageStats/processing/usage_events_20230220.log was processed and archived.
[2023-06-25 14:44:04] [Notice] File /home4/arjafof4/public_html/uploads/usageStats/processing/usage_events_20230502.log was processed and archived.
[2023-06-25 14:44:04] [Notice] File /home4/arjafof4/public_html/uploads/usageStats/processing/usage_events_20230512.log was processed and archived.
[2023-06-25 14:44:05] [Notice] File /home4/arjafof4/public_html/uploads/usageStats/processing/usage_events_20221120.log was processed and archived.
[2023-06-25 14:44:05] [Notice] File /home4/arjafof4/public_html/uploads/usageStats/processing/usage_events_20230501.log was processed and archived.
[2023-06-25 14:44:05] [Notice] File /home4/arjafof4/public_html/uploads/usageStats/processing/usage_events_20230118.log was processed and archived.
[2023-06-25 14:44:05] [Notice] File /home4/arjafof4/public_html/uploads/usageStats/processing/usage_events_20230221.log was processed and archived.
[2023-06-25 14:44:05] [Notice] File /home4/arjafof4/public_html/uploads/usageStats/processing/usage_events_20221221.log was processed and archived.
[2023-06-25 14:44:06] [Notice] File /home4/arjafof4/public_html/uploads/usageStats/processing/usage_events_20220906.log was processed and archived.
[2023-06-25 14:44:06] [Notice] File /home4/arjafof4/public_html/uploads/usageStats/processing/usage_events_20230128.log was processed and archived.
[2023-06-25 14:44:06] [Notice] File /home4/arjafof4/public_html/uploads/usageStats/processing/usage_events_20221218.log was processed and archived.
[2023-06-25 14:44:06] [Notice] File /home4/arjafof4/public_html/uploads/usageStats/processing/usage_events_20220816.log was processed and archived.
[2023-06-25 14:44:06] [Notice] File /home4/arjafof4/public_html/uploads/usageStats/processing/usage_events_20230208.log was processed and archived.
[2023-06-25 14:44:06] [Notice] File /home4/arjafof4/public_html/uploads/usageStats/processing/usage_events_20220917.log was processed and archived.
[2023-06-25 14:44:07] [Notice] File /home4/arjafof4/public_html/uploads/usageStats/processing/usage_events_20220904.log was processed and archived.
[2023-06-25 14:44:07] [Notice] File /home4/arjafof4/public_html/uploads/usageStats/processing/usage_events_20220707.log was processed and archived.
[2023-06-25 14:44:07] [Notice] File /home4/arjafof4/public_html/uploads/usageStats/processing/usage_events_20221006.log was processed and archived.
[2023-06-25 14:44:09] [Notice] File /home4/arjafof4/public_html/uploads/usageStats/processing/usage_events_20220728.log was processed and archived.
[2023-06-25 14:44:09] [Notice] File /home4/arjafof4/public_html/uploads/usageStats/processing/usage_events_20230228.log was processed and archived.
[2023-06-25 14:44:09] [Notice] File /home4/arjafof4/public_html/uploads/usageStats/processing/usage_events_20221211.log was processed and archived.
[2023-06-25 14:44:09] [Notice] File /home4/arjafof4/public_html/uploads/usageStats/processing/usage_events_20230525.log was processed and archived.
[2023-06-25 14:44:09] [Notice] File /home4/arjafof4/public_html/uploads/usageStats/processing/usage_events_20220925.log was processed and archived.
[2023-06-25 14:44:09] [Notice] File /home4/arjafof4/public_html/uploads/usageStats/processing/usage_events_20230119.log was processed and archived.
[2023-06-25 14:44:09] [Notice] File /home4/arjafof4/public_html/uploads/usageStats/processing/usage_events_20230403.log was processed and archived.
[2023-06-25 14:44:10] [Notice] File /home4/arjafof4/public_html/uploads/usageStats/processing/usage_events_20220721.log was processed and archived.
[2023-06-25 14:44:10] [Notice] File /home4/arjafof4/public_html/uploads/usageStats/processing/usage_events_20230526.log was processed and archived.
[2023-06-25 14:44:10] [Notice] File /home4/arjafof4/public_html/uploads/usageStats/processing/usage_events_20230505.log was processed and archived.
[2023-06-25 14:44:10] [Notice] File /home4/arjafof4/public_html/uploads/usageStats/processing/usage_events_20221214.log was processed and archived.
[2023-06-25 14:44:10] [Notice] File /home4/arjafof4/public_html/uploads/usageStats/processing/usage_events_20230206.log was processed and archived.
[2023-06-25 14:44:11] [Notice] File /home4/arjafof4/public_html/uploads/usageStats/processing/usage_events_20221222.log was processed and archived.
[2023-06-25 14:44:11] [Notice] File /home4/arjafof4/public_html/uploads/usageStats/processing/usage_events_20220830.log was processed and archived.
[2023-06-25 14:44:11] [Notice] File /home4/arjafof4/public_html/uploads/usageStats/processing/usage_events_20230414.log was processed and archived.
[2023-06-25 14:44:11] [Notice] File /home4/arjafof4/public_html/uploads/usageStats/processing/usage_events_20230116.log was processed and archived.
[2023-06-25 14:44:11] [Notice] File /home4/arjafof4/public_html/uploads/usageStats/processing/usage_events_20230326.log was processed and archived.
[2023-06-25 14:44:11] [Notice] File /home4/arjafof4/public_html/uploads/usageStats/processing/usage_events_20221223.log was processed and archived.
[2023-06-25 14:44:11] [Notice] File /home4/arjafof4/public_html/uploads/usageStats/processing/usage_events_20230415.log was processed and archived.
[2023-06-25 14:44:12] [Notice] File /home4/arjafof4/public_html/uploads/usageStats/processing/usage_events_20230601.log was processed and archived.
[2023-06-25 14:44:12] [Notice] File /home4/arjafof4/public_html/uploads/usageStats/processing/usage_events_20230327.log was processed and archived.
[2023-06-25 14:44:12] [Notice] File /home4/arjafof4/public_html/uploads/usageStats/processing/usage_events_20220802.log was processed and archived.
[2023-06-25 14:44:12] [Notice] File /home4/arjafof4/public_html/uploads/usageStats/processing/usage_events_20220717.log was processed and archived.
[2023-06-25 14:44:12] [Notice] File /home4/arjafof4/public_html/uploads/usageStats/processing/usage_events_20220907.log was processed and archived.
[2023-06-25 14:44:12] [Notice] File /home4/arjafof4/public_html/uploads/usageStats/processing/usage_events_20220824.log was processed and archived.
[2023-06-25 14:44:13] [Notice] File /home4/arjafof4/public_html/uploads/usageStats/processing/usage_events_20230522.log was processed and archived.
[2023-06-25 14:44:13] [Notice] File /home4/arjafof4/public_html/uploads/usageStats/processing/usage_events_20230213.log was processed and archived.
[2023-06-25 14:44:13] [Notice] File /home4/arjafof4/public_html/uploads/usageStats/processing/usage_events_20221023.log was processed and archived.
[2023-06-25 14:44:13] [Notice] File /home4/arjafof4/public_html/uploads/usageStats/processing/usage_events_20220905.log was processed and archived.
[2023-06-25 14:44:13] [Notice] File /home4/arjafof4/public_html/uploads/usageStats/processing/usage_events_20230217.log was processed and archived.
[2023-06-25 14:44:14] [Notice] File /home4/arjafof4/public_html/uploads/usageStats/processing/usage_events_20220724.log was processed and archived.
[2023-06-25 14:44:14] [Notice] File /home4/arjafof4/public_html/uploads/usageStats/processing/usage_events_20221114.log was processed and archived.
[2023-06-25 14:44:14] [Notice] File /home4/arjafof4/public_html/uploads/usageStats/processing/usage_events_20221101.log was processed and archived.
[2023-06-25 14:44:14] [Notice] File /home4/arjafof4/public_html/uploads/usageStats/processing/usage_events_20220926.log was processed and archived.
[2023-06-25 14:44:15] [Notice] File /home4/arjafof4/public_html/uploads/usageStats/processing/usage_events_20230420.log was processed and archived.
[2023-06-25 14:44:15] [Notice] File /home4/arjafof4/public_html/uploads/usageStats/processing/usage_events_20220719.log was processed and archived.
[2023-06-25 14:44:15] [Notice] File /home4/arjafof4/public_html/uploads/usageStats/processing/usage_events_20221204.log was processed and archived.
[2023-06-25 14:44:15] [Notice] File /home4/arjafof4/public_html/uploads/usageStats/processing/usage_events_20230401.log was processed and archived.
[2023-06-25 14:44:16] [Notice] File /home4/arjafof4/public_html/uploads/usageStats/processing/usage_events_20230421.log was processed and archived.
[2023-06-25 14:44:16] [Notice] File /home4/arjafof4/public_html/uploads/usageStats/processing/usage_events_20230524.log was processed and archived.
[2023-06-25 14:44:16] [Notice] File /home4/arjafof4/public_html/uploads/usageStats/processing/usage_events_20230302.log was processed and archived.
[2023-06-25 14:44:16] [Notice] File /home4/arjafof4/public_html/uploads/usageStats/processing/usage_events_20230519.log was processed and archived.
[2023-06-25 14:44:16] [Notice] File /home4/arjafof4/public_html/uploads/usageStats/processing/usage_events_20230212.log was processed and archived.
[2023-06-25 14:44:17] [Notice] File /home4/arjafof4/public_html/uploads/usageStats/processing/usage_events_20220726.log was processed and archived.
[2023-06-25 14:44:17] [Notice] File /home4/arjafof4/public_html/uploads/usageStats/processing/usage_events_20220909.log was processed and archived.
[2023-06-25 14:44:17] [Notice] File /home4/arjafof4/public_html/uploads/usageStats/processing/usage_events_20221113.log was processed and archived.
[2023-06-25 14:44:17] [Notice] File /home4/arjafof4/public_html/uploads/usageStats/processing/usage_events_20230311.log was processed and archived.
[2023-06-25 14:44:17] [Notice] File /home4/arjafof4/public_html/uploads/usageStats/processing/usage_events_20220731.log was processed and archived.
[2023-06-25 14:44:18] [Notice] File /home4/arjafof4/public_html/uploads/usageStats/processing/usage_events_20230506.log was processed and archived.
[2023-06-25 14:44:18] [Notice] File /home4/arjafof4/public_html/uploads/usageStats/processing/usage_events_20230105.log was processed and archived.
[2023-06-25 14:44:18] [Notice] File /home4/arjafof4/public_html/uploads/usageStats/processing/usage_events_20230223.log was processed and archived.
[2023-06-25 14:44:18] [Notice] File /home4/arjafof4/public_html/uploads/usageStats/processing/usage_events_20230104.log was processed and archived.
[2023-06-25 14:44:19] [Notice] File /home4/arjafof4/public_html/uploads/usageStats/processing/usage_events_20221202.log was processed and archived.
[2023-06-25 14:44:19] [Notice] File /home4/arjafof4/public_html/uploads/usageStats/processing/usage_events_20221007.log was processed and archived.
[2023-06-25 14:44:19] [Notice] File /home4/arjafof4/public_html/uploads/usageStats/processing/usage_events_20220808.log was processed and archived.
[2023-06-25 14:44:19] [Notice] File /home4/arjafof4/public_html/uploads/usageStats/processing/usage_events_20220812.log was processed and archived.
[2023-06-25 14:44:20] [Notice] File /home4/arjafof4/public_html/uploads/usageStats/processing/usage_events_20220725.log was processed and archived.
[2023-06-25 14:44:20] [Notice] File /home4/arjafof4/public_html/uploads/usageStats/processing/usage_events_20220815.log was processed and archived.
[2023-06-25 14:44:20] [Notice] File /home4/arjafof4/public_html/uploads/usageStats/processing/usage_events_20230316.log was processed and archived.
[2023-06-25 14:44:20] [Notice] File /home4/arjafof4/public_html/uploads/usageStats/processing/usage_events_20221227.log was processed and archived.
[2023-06-25 14:44:21] [Notice] File /home4/arjafof4/public_html/uploads/usageStats/processing/usage_events_20221001.log was processed and archived.
[2023-06-25 14:44:21] [Notice] File /home4/arjafof4/public_html/uploads/usageStats/processing/usage_events_20230430.log was processed and archived.
[2023-06-25 14:44:21] [Notice] File /home4/arjafof4/public_html/uploads/usageStats/processing/usage_events_20230504.log was processed and archived.
[2023-06-25 14:44:21] [Notice] File /home4/arjafof4/public_html/uploads/usageStats/processing/usage_events_20230203.log was processed and archived.
[2023-06-25 14:44:21] [Notice] File /home4/arjafof4/public_html/uploads/usageStats/processing/usage_events_20221124.log was processed and archived.
[2023-06-25 14:44:21] [Notice] File /home4/arjafof4/public_html/uploads/usageStats/processing/usage_events_20230412.log was processed and archived.
[2023-06-25 14:44:22] [Notice] File /home4/arjafof4/public_html/uploads/usageStats/processing/usage_events_20220916.log was processed and archived.
[2023-06-25 14:44:22] [Notice] File /home4/arjafof4/public_html/uploads/usageStats/processing/usage_events_20221028.log was processed and archived.
[2023-06-25 14:44:22] [Notice] File /home4/arjafof4/public_html/uploads/usageStats/processing/usage_events_20221231.log was processed and archived.
[2023-06-25 14:44:23] [Notice] File /home4/arjafof4/public_html/uploads/usageStats/processing/usage_events_20221030.log was processed and archived.
[2023-06-25 14:44:23] [Notice] File /home4/arjafof4/public_html/uploads/usageStats/processing/usage_events_20221029.log was processed and archived.
[2023-06-25 14:44:23] [Notice] File /home4/arjafof4/public_html/uploads/usageStats/processing/usage_events_20230517.log was processed and archived.
[2023-06-25 14:44:23] [Notice] File /home4/arjafof4/public_html/uploads/usageStats/processing/usage_events_20230507.log was processed and archived.
[2023-06-25 14:44:23] [Notice] File /home4/arjafof4/public_html/uploads/usageStats/processing/usage_events_20221103.log was processed and archived.
[2023-06-25 14:44:23] [Notice] File /home4/arjafof4/public_html/uploads/usageStats/processing/usage_events_20230304.log was processed and archived.
[2023-06-25 14:44:23] [Notice] File /home4/arjafof4/public_html/uploads/usageStats/processing/usage_events_20230416.log was processed and archived.
[2023-06-25 14:44:24] [Notice] File /home4/arjafof4/public_html/uploads/usageStats/processing/usage_events_20221020.log was processed and archived.
[2023-06-25 14:44:24] [Notice] File /home4/arjafof4/public_html/uploads/usageStats/processing/usage_events_20221118.log was processed and archived.
[2023-06-25 14:44:24] [Notice] File /home4/arjafof4/public_html/uploads/usageStats/processing/usage_events_20221018.log was processed and archived.
[2023-06-25 14:44:24] [Notice] File /home4/arjafof4/public_html/uploads/usageStats/processing/usage_events_20230521.log was processed and archived.
[2023-06-25 14:44:24] [Notice] File /home4/arjafof4/public_html/uploads/usageStats/processing/usage_events_20221219.log was processed and archived.
[2023-06-25 14:44:24] [Notice] File /home4/arjafof4/public_html/uploads/usageStats/processing/usage_events_20221008.log was processed and archived.
[2023-06-25 14:44:24] [Notice] File /home4/arjafof4/public_html/uploads/usageStats/processing/usage_events_20221226.log was processed and archived.
[2023-06-25 14:44:25] [Notice] File /home4/arjafof4/public_html/uploads/usageStats/processing/usage_events_20221216.log was processed and archived.
[2023-06-25 14:44:25] [Notice] File /home4/arjafof4/public_html/uploads/usageStats/processing/usage_events_20221117.log was processed and archived.
[2023-06-25 14:44:25] [Notice] File /home4/arjafof4/public_html/uploads/usageStats/processing/usage_events_20221022.log was processed and archived.
[2023-06-25 14:44:26] [Notice] File /home4/arjafof4/public_html/uploads/usageStats/processing/usage_events_20221230.log was processed and archived.
[2023-06-25 14:44:27] [Notice] File /home4/arjafof4/public_html/uploads/usageStats/processing/usage_events_20230301.log was processed and archived.
[2023-06-25 14:44:27] [Notice] File /home4/arjafof4/public_html/uploads/usageStats/processing/usage_events_20220928.log was processed and archived.
[2023-06-25 14:44:27] [Notice] File /home4/arjafof4/public_html/uploads/usageStats/processing/usage_events_20221012.log was processed and archived.
[2023-06-25 14:44:27] [Notice] File /home4/arjafof4/public_html/uploads/usageStats/processing/usage_events_20230323.log was processed and archived.
[2023-06-25 14:44:28] [Notice] File /home4/arjafof4/public_html/uploads/usageStats/processing/usage_events_20221108.log was processed and archived.
[2023-06-25 14:44:28] [Notice] File /home4/arjafof4/public_html/uploads/usageStats/processing/usage_events_20221115.log was processed and archived.
[2023-06-25 14:44:28] [Notice] File /home4/arjafof4/public_html/uploads/usageStats/processing/usage_events_20220819.log was processed and archived.
[2023-06-25 14:44:28] [Notice] File /home4/arjafof4/public_html/uploads/usageStats/processing/usage_events_20220911.log was processed and archived.
[2023-06-25 14:44:29] [Notice] File /home4/arjafof4/public_html/uploads/usageStats/processing/usage_events_20221017.log was processed and archived.
[2023-06-25 14:44:30] [Notice] File /home4/arjafof4/public_html/uploads/usageStats/processing/usage_events_20220809.log was processed and archived.
[2023-06-25 14:44:30] [Notice] File /home4/arjafof4/public_html/uploads/usageStats/processing/usage_events_20230606.log was processed and archived.
[2023-06-25 14:44:30] [Notice] File /home4/arjafof4/public_html/uploads/usageStats/processing/usage_events_20230125.log was processed and archived.
[2023-06-25 14:44:30] [Notice] File /home4/arjafof4/public_html/uploads/usageStats/processing/usage_events_20220701.log was processed and archived.
[2023-06-25 14:44:30] [Notice] File /home4/arjafof4/public_html/uploads/usageStats/processing/usage_events_20230428.log was processed and archived.
[2023-06-25 14:44:30] [Notice] File /home4/arjafof4/public_html/uploads/usageStats/processing/usage_events_20220826.log was processed and archived.
[2023-06-25 14:44:30] [Notice] File /home4/arjafof4/public_html/uploads/usageStats/processing/usage_events_20221107.log was processed and archived.
[2023-06-25 14:44:31] [Notice] File /home4/arjafof4/public_html/uploads/usageStats/processing/usage_events_20230127.log was processed and archived.
[2023-06-25 14:44:31] [Notice] File /home4/arjafof4/public_html/uploads/usageStats/processing/usage_events_20230121.log was processed and archived.
[2023-06-25 14:44:31] [Notice] File /home4/arjafof4/public_html/uploads/usageStats/processing/usage_events_20230308.log was processed and archived.
[2023-06-25 14:44:31] [Notice] File /home4/arjafof4/public_html/uploads/usageStats/processing/usage_events_20230218.log was processed and archived.
[2023-06-25 14:44:31] [Notice] File /home4/arjafof4/public_html/uploads/usageStats/processing/usage_events_20220827.log was processed and archived.
[2023-06-25 14:44:31] [Notice] File /home4/arjafof4/public_html/uploads/usageStats/processing/usage_events_20230313.log was processed and archived.
[2023-06-25 14:44:31] [Notice] File /home4/arjafof4/public_html/uploads/usageStats/processing/usage_events_20230205.log was processed and archived.
[2023-06-25 14:44:32] [Notice] File /home4/arjafof4/public_html/uploads/usageStats/processing/usage_events_20220914.log was processed and archived.
[2023-06-25 14:44:32] [Notice] File /home4/arjafof4/public_html/uploads/usageStats/processing/usage_events_20221121.log was processed and archived.
[2023-06-25 14:44:32] [Notice] File /home4/arjafof4/public_html/uploads/usageStats/processing/usage_events_20220817.log was processed and archived.
[2023-06-25 14:44:32] [Notice] File /home4/arjafof4/public_html/uploads/usageStats/processing/usage_events_20220927.log was processed and archived.
[2023-06-25 14:44:32] [Notice] File /home4/arjafof4/public_html/uploads/usageStats/processing/usage_events_20221212.log was processed and archived.
[2023-06-25 14:44:33] [Notice] File /home4/arjafof4/public_html/uploads/usageStats/processing/usage_events_20230319.log was processed and archived.
[2023-06-25 14:44:33] [Notice] File /home4/arjafof4/public_html/uploads/usageStats/processing/usage_events_20230518.log was processed and archived.
[2023-06-25 14:44:33] [Notice] File /home4/arjafof4/public_html/uploads/usageStats/processing/usage_events_20230219.log was processed and archived.
[2023-06-25 14:44:33] [Notice] File /home4/arjafof4/public_html/uploads/usageStats/processing/usage_events_20221110.log was processed and archived.
[2023-06-25 14:44:33] [Notice] File /home4/arjafof4/public_html/uploads/usageStats/processing/usage_events_20230424.log was processed and archived.
[2023-06-25 14:44:33] [Notice] File /home4/arjafof4/public_html/uploads/usageStats/processing/usage_events_20220831.log was processed and archived.
[2023-06-25 14:44:33] [Notice] File /home4/arjafof4/public_html/uploads/usageStats/processing/usage_events_20230120.log was processed and archived.
[2023-06-25 14:44:33] [Notice] File /home4/arjafof4/public_html/uploads/usageStats/processing/usage_events_20220727.log was processed and archived.
[2023-06-25 14:44:34] [Notice] File /home4/arjafof4/public_html/uploads/usageStats/processing/usage_events_20221025.log was processed and archived.
[2023-06-25 14:44:34] [Notice] File /home4/arjafof4/public_html/uploads/usageStats/processing/usage_events_20230131.log was processed and archived.
[2023-06-25 14:44:34] [Notice] File /home4/arjafof4/public_html/uploads/usageStats/processing/usage_events_20221201.log was processed and archived.
[2023-06-25 14:44:34] [Notice] File /home4/arjafof4/public_html/uploads/usageStats/processing/usage_events_20220822.log was processed and archived.
[2023-06-25 14:44:35] [Notice] File /home4/arjafof4/public_html/uploads/usageStats/processing/usage_events_20230215.log was processed and archived.
[2023-06-25 14:44:35] [Notice] File /home4/arjafof4/public_html/uploads/usageStats/processing/usage_events_20221031.log was processed and archived.
[2023-06-25 14:44:35] [Notice] File /home4/arjafof4/public_html/uploads/usageStats/processing/usage_events_20230207.log was processed and archived.
[2023-06-25 14:44:35] [Notice] File /home4/arjafof4/public_html/uploads/usageStats/processing/usage_events_20230201.log was processed and archived.
[2023-06-25 14:44:36] [Notice] File /home4/arjafof4/public_html/uploads/usageStats/processing/usage_events_20221203.log was processed and archived.
[2023-06-25 14:44:36] [Notice] File /home4/arjafof4/public_html/uploads/usageStats/processing/usage_events_20220807.log was processed and archived.
[2023-06-25 14:44:36] [Notice] File /home4/arjafof4/public_html/uploads/usageStats/processing/usage_events_20221106.log was processed and archived.
[2023-06-25 14:44:36] [Notice] File /home4/arjafof4/public_html/uploads/usageStats/processing/usage_events_20220821.log was processed and archived.
[2023-06-25 14:44:36] [Notice] File /home4/arjafof4/public_html/uploads/usageStats/processing/usage_events_20220814.log was processed and archived.
[2023-06-25 14:44:36] [Notice] File /home4/arjafof4/public_html/uploads/usageStats/processing/usage_events_20230103.log was processed and archived.
[2023-06-25 14:44:36] [Notice] File /home4/arjafof4/public_html/uploads/usageStats/processing/usage_events_20230602.log was processed and archived.
[2023-06-25 14:44:37] [Notice] File /home4/arjafof4/public_html/uploads/usageStats/processing/usage_events_20220811.log was processed and archived.
[2023-06-25 14:44:37] [Notice] File /home4/arjafof4/public_html/uploads/usageStats/processing/usage_events_20221217.log was processed and archived.
[2023-06-25 14:44:37] [Notice] File /home4/arjafof4/public_html/uploads/usageStats/processing/usage_events_20230317.log was processed and archived.
[2023-06-25 14:44:38] [Notice] File /home4/arjafof4/public_html/uploads/usageStats/processing/usage_events_20220627.log was processed and archived.
[2023-06-25 14:44:38] [Notice] File /home4/arjafof4/public_html/uploads/usageStats/processing/usage_events_20220801.log was processed and archived.
[2023-06-25 14:44:38] [Notice] File /home4/arjafof4/public_html/uploads/usageStats/processing/usage_events_20230418.log was processed and archived.
[2023-06-25 14:44:39] [Notice] File /home4/arjafof4/public_html/uploads/usageStats/processing/usage_events_20230306.log was processed and archived.
[2023-06-25 14:44:39] [Notice] File /home4/arjafof4/public_html/uploads/usageStats/processing/usage_events_20230419.log was processed and archived.
[2023-06-25 14:44:39] [Notice] File /home4/arjafof4/public_html/uploads/usageStats/processing/usage_events_20230331.log was processed and archived.
[2023-06-25 14:44:39] [Notice] File /home4/arjafof4/public_html/uploads/usageStats/processing/usage_events_20220924.log was processed and archived.
[2023-06-25 14:44:39] [Notice] File /home4/arjafof4/public_html/uploads/usageStats/processing/usage_events_20230604.log was processed and archived.
[2023-06-25 14:44:39] [Notice] File /home4/arjafof4/public_html/uploads/usageStats/processing/usage_events_20230624.log was processed and archived.
[2023-06-25 14:44:40] [Notice] File /home4/arjafof4/public_html/uploads/usageStats/processing/usage_events_20230126.log was processed and archived.
[2023-06-25 14:44:40] [Notice] File /home4/arjafof4/public_html/uploads/usageStats/processing/usage_events_20230329.log was processed and archived.
[2023-06-25 14:44:40] [Notice] File /home4/arjafof4/public_html/uploads/usageStats/processing/usage_events_20220710.log was processed and archived.
[2023-06-25 14:44:40] [Notice] File /home4/arjafof4/public_html/uploads/usageStats/processing/usage_events_20220918.log was processed and archived.
[2023-06-25 14:44:40] [Notice] File /home4/arjafof4/public_html/uploads/usageStats/processing/usage_events_20221228.log was processed and archived.
[2023-06-25 14:44:41] [Notice] File /home4/arjafof4/public_html/uploads/usageStats/processing/usage_events_20230608.log was processed and archived.
[2023-06-25 14:44:41] [Notice] File /home4/arjafof4/public_html/uploads/usageStats/processing/usage_events_20220921.log was processed and archived.
[2023-06-25 14:44:41] [Notice] File /home4/arjafof4/public_html/uploads/usageStats/processing/usage_events_20221215.log was processed and archived.
[2023-06-25 14:44:41] [Notice] File /home4/arjafof4/public_html/uploads/usageStats/processing/usage_events_20230101.log was processed and archived.
[2023-06-25 14:44:41] [Notice] File /home4/arjafof4/public_html/uploads/usageStats/processing/usage_events_20221127.log was processed and archived.
[2023-06-25 14:44:42] [Notice] File /home4/arjafof4/public_html/uploads/usageStats/processing/usage_events_20230529.log was processed and archived.
[2023-06-25 14:44:42] [Notice] File /home4/arjafof4/public_html/uploads/usageStats/processing/usage_events_20230426.log was processed and archived.
[2023-06-25 14:44:43] [Notice] File /home4/arjafof4/public_html/uploads/usageStats/processing/usage_events_20230227.log was processed and archived.
[2023-06-25 14:44:43] [Notice] File /home4/arjafof4/public_html/uploads/usageStats/processing/usage_events_20230226.log was processed and archived.
[2023-06-25 14:44:43] [Notice] File /home4/arjafof4/public_html/uploads/usageStats/processing/usage_events_20220720.log was processed and archived.
[2023-06-25 14:44:43] [Notice] File /home4/arjafof4/public_html/uploads/usageStats/processing/usage_events_20220729.log was processed and archived.
[2023-06-25 14:44:44] [Notice] File /home4/arjafof4/public_html/uploads/usageStats/processing/usage_events_20230108.log was processed and archived.
[2023-06-25 14:44:44] [Notice] File /home4/arjafof4/public_html/uploads/usageStats/processing/usage_events_20220920.log was processed and archived.
[2023-06-25 14:44:44] [Notice] File /home4/arjafof4/public_html/uploads/usageStats/processing/usage_events_20230322.log was processed and archived.
[2023-06-25 14:44:44] [Notice] File /home4/arjafof4/public_html/uploads/usageStats/processing/usage_events_20221205.log was processed and archived.
[2023-06-25 14:44:46] [Notice] File /home4/arjafof4/public_html/uploads/usageStats/processing/usage_events_20220804.log was processed and archived.
[2023-06-25 14:44:46] [Notice] File /home4/arjafof4/public_html/uploads/usageStats/processing/usage_events_20230503.log was processed and archived.
[2023-06-25 14:44:47] [Notice] File /home4/arjafof4/public_html/uploads/usageStats/processing/usage_events_20220715.log was processed and archived.
[2023-06-25 14:44:47] [Notice] File /home4/arjafof4/public_html/uploads/usageStats/processing/usage_events_20230320.log was processed and archived.
[2023-06-25 14:44:47] [Notice] File /home4/arjafof4/public_html/uploads/usageStats/processing/usage_events_20230111.log was processed and archived.
[2023-06-25 14:44:48] [Notice] File /home4/arjafof4/public_html/uploads/usageStats/processing/usage_events_20230527.log was processed and archived.
[2023-06-25 14:44:48] [Notice] File /home4/arjafof4/public_html/uploads/usageStats/processing/usage_events_20230216.log was processed and archived.
[2023-06-25 14:44:48] [Notice] File /home4/arjafof4/public_html/uploads/usageStats/processing/usage_events_20220820.log was processed and archived.
[2023-06-25 14:44:49] [Notice] File /home4/arjafof4/public_html/uploads/usageStats/processing/usage_events_20230314.log was processed and archived.
[2023-06-25 14:44:49] [Notice] File /home4/arjafof4/public_html/uploads/usageStats/processing/usage_events_20230209.log was processed and archived.
[2023-06-25 14:44:49] [Notice] File /home4/arjafof4/public_html/uploads/usageStats/processing/usage_events_20220829.log was processed and archived.
[2023-06-25 14:44:50] [Notice] File /home4/arjafof4/public_html/uploads/usageStats/processing/usage_events_20230124.log was processed and archived.
[2023-06-25 14:44:50] [Notice] File /home4/arjafof4/public_html/uploads/usageStats/processing/usage_events_20230324.log was processed and archived.
[2023-06-25 14:44:50] [Notice] File /home4/arjafof4/public_html/uploads/usageStats/processing/usage_events_20230605.log was processed and archived.
[2023-06-25 14:44:50] [Notice] File /home4/arjafof4/public_html/uploads/usageStats/processing/usage_events_20230307.log was processed and archived.
[2023-06-25 14:44:50] [Notice] File /home4/arjafof4/public_html/uploads/usageStats/processing/usage_events_20230523.log was processed and archived.
[2023-06-25 14:44:50] [Notice] File /home4/arjafof4/public_html/uploads/usageStats/processing/usage_events_20221225.log was processed and archived.
[2023-06-25 14:44:51] [Notice] File /home4/arjafof4/public_html/uploads/usageStats/processing/usage_events_20221210.log was processed and archived.
[2023-06-25 14:44:51] [Notice] File /home4/arjafof4/public_html/uploads/usageStats/processing/usage_events_20230312.log was processed and archived.
[2023-06-25 14:44:51] [Notice] File /home4/arjafof4/public_html/uploads/usageStats/processing/usage_events_20230224.log was processed and archived.
[2023-06-25 14:44:52] [Notice] File /home4/arjafof4/public_html/uploads/usageStats/processing/usage_events_20220702.log was processed and archived.
[2023-06-25 14:44:53] [Notice] File /home4/arjafof4/public_html/uploads/usageStats/processing/usage_events_20230110.log was processed and archived.
[2023-06-25 14:44:53] [Notice] File /home4/arjafof4/public_html/uploads/usageStats/processing/usage_events_20230427.log was processed and archived.
[2023-06-25 14:44:53] [Notice] File /home4/arjafof4/public_html/uploads/usageStats/processing/usage_events_20220930.log was processed and archived.
[2023-06-25 14:44:53] [Notice] File /home4/arjafof4/public_html/uploads/usageStats/processing/usage_events_20221019.log was processed and archived.
[2023-06-25 14:44:53] [Notice] File /home4/arjafof4/public_html/uploads/usageStats/processing/usage_events_20221116.log was processed and archived.
[2023-06-25 14:44:54] [Notice] File /home4/arjafof4/public_html/uploads/usageStats/processing/usage_events_20221208.log was processed and archived.
[2023-06-25 14:44:54] [Notice] File /home4/arjafof4/public_html/uploads/usageStats/processing/usage_events_20230508.log was processed and archived.
[2023-06-25 14:44:54] [Notice] File /home4/arjafof4/public_html/uploads/usageStats/processing/usage_events_20220813.log was processed and archived.
[2023-06-25 14:44:55] [Notice] File /home4/arjafof4/public_html/uploads/usageStats/processing/usage_events_20230330.log was processed and archived.
[2023-06-25 14:44:55] [Notice] File /home4/arjafof4/public_html/uploads/usageStats/processing/usage_events_20220629.log was processed and archived.
[2023-06-25 14:44:55] [Notice] File /home4/arjafof4/public_html/uploads/usageStats/processing/usage_events_20220716.log was processed and archived.
[2023-06-25 14:44:55] [Notice] File /home4/arjafof4/public_html/uploads/usageStats/processing/usage_events_20230530.log was processed and archived.
[2023-06-25 14:44:56] [Notice] File /home4/arjafof4/public_html/uploads/usageStats/processing/usage_events_20230406.log was processed and archived.
[2023-06-25 14:44:57] [Notice] File /home4/arjafof4/public_html/uploads/usageStats/processing/usage_events_20221129.log was processed and archived.
[2023-06-25 14:44:57] [Notice] File /home4/arjafof4/public_html/uploads/usageStats/processing/usage_events_20230122.log was processed and archived.
[2023-06-25 14:44:57] [Notice] File /home4/arjafof4/public_html/uploads/usageStats/processing/usage_events_20230520.log was processed and archived.
[2023-06-25 14:44:58] [Notice] File /home4/arjafof4/public_html/uploads/usageStats/processing/usage_events_20221013.log was processed and archived.
[2023-06-25 14:44:58] [Notice] File /home4/arjafof4/public_html/uploads/usageStats/processing/usage_events_20221027.log was processed and archived.
[2023-06-25 14:44:58] [Notice] File /home4/arjafof4/public_html/uploads/usageStats/processing/usage_events_20220912.log was processed and archived.
[2023-06-25 14:44:58] [Notice] File /home4/arjafof4/public_html/uploads/usageStats/processing/usage_events_20230425.log was processed and archived.
[2023-06-25 14:44:58] [Notice] File /home4/arjafof4/public_html/uploads/usageStats/processing/usage_events_20230202.log was processed and archived.
[2023-06-25 14:44:59] [Notice] File /home4/arjafof4/public_html/uploads/usageStats/processing/usage_events_20220902.log was processed and archived.
[2023-06-25 14:44:59] [Notice] File /home4/arjafof4/public_html/uploads/usageStats/processing/usage_events_20220825.log was processed and archived.
[2023-06-25 14:44:59] [Notice] Task process stopped.
